15:55:53.510 [main] DEBUG org.apache.poi.openxml4j.opc.ZipPackage - Save package relationships
15:55:53.533 [main] DEBUG org.apache.poi.openxml4j.opc.ZipPackage - Save part 'docProps/app.xml'
15:55:53.533 [main] DEBUG org.apache.poi.openxml4j.opc.ZipPackage - Save part 'docProps/core.xml'
15:55:53.536 [main] DEBUG org.apache.poi.openxml4j.opc.ZipPackage - Save part 'xl/sharedStrings.xml'
15:55:53.537 [main] DEBUG org.apache.poi.openxml4j.opc.ZipPackage - Save part 'xl/styles.xml'
15:55:53.538 [main] DEBUG org.apache.poi.openxml4j.opc.ZipPackage - Save part 'xl/theme/theme1.xml'
15:55:53.539 [main] DEBUG org.apache.poi.openxml4j.opc.ZipPackage - Save part 'xl/workbook.xml'
15:55:53.543 [main] DEBUG org.apache.poi.openxml4j.opc.ZipPackage - Save part 'xl/worksheets/sheet1.xml'
15:55:53.544 [main] DEBUG org.apache.poi.openxml4j.opc.ZipPackage - Save part 'xl/worksheets/sheet2.xml'
15:55:53.544 [main] DEBUG org.apache.poi.openxml4j.opc.ZipPackage - Save part 'xl/worksheets/sheet3.xml'
15:55:53.632 [main] DEBUG org.apache.poi.openxml4j.opc.PackageRelationshipCollection - Parsing relationship: /xl/_rels/workbook.xml.rels
15:55:53.633 [main] DEBUG org.apache.poi.openxml4j.opc.PackageRelationshipCollection - Parsing relationship: /_rels/.rels
15:55:53.665 [main] DEBUG org.apache.poi.openxml4j.opc.ZipPackage - Save content types part
15:55:53.667 [main] DEBUG org.apache.poi.openxml4j.opc.ZipPackage - Save package relationships
15:55:53.669 [main] DEBUG org.apache.poi.openxml4j.opc.ZipPackage - Save part 'docProps/app.xml'
15:55:53.670 [main] DEBUG org.apache.poi.openxml4j.opc.ZipPackage - Save part 'docProps/core.xml'
15:55:53.672 [main] DEBUG org.apache.poi.openxml4j.opc.ZipPackage - Save part 'xl/sharedStrings.xml'
15:55:53.673 [main] DEBUG org.apache.poi.openxml4j.opc.ZipPackage - Save part 'xl/styles.xml'
15:55:53.674 [main] DEBUG org.apache.poi.openxml4j.opc.ZipPackage - Save part 'xl/theme/theme1.xml'
15:55:53.675 [main] DEBUG org.apache.poi.openxml4j.opc.ZipPackage - Save part 'xl/workbook.xml'
15:55:53.678 [main] DEBUG org.apache.poi.openxml4j.opc.ZipPackage - Save part 'xl/worksheets/sheet1.xml'
15:55:53.679 [main] DEBUG org.apache.poi.openxml4j.opc.ZipPackage - Save part 'xl/worksheets/sheet2.xml'
15:55:53.679 [main] DEBUG org.apache.poi.openxml4j.opc.ZipPackage - Save part 'xl/worksheets/sheet3.xml'
15:55:53.781 [main] DEBUG org.apache.poi.openxml4j.opc.PackageRelationshipCollection - Parsing relationship: /xl/_rels/workbook.xml.rels
15:55:53.783 [main] DEBUG org.apache.poi.openxml4j.opc.PackageRelationshipCollection - Parsing relationship: /_rels/.rels
15:55:53.824 [main] DEBUG org.apache.poi.openxml4j.opc.ZipPackage - Save content types part
15:55:53.826 [main] DEBUG org.apache.poi.openxml4j.opc.ZipPackage - Save package relationships
15:55:53.828 [main] DEBUG org.apache.poi.openxml4j.opc.ZipPackage - Save part 'docProps/app.xml'
15:55:53.829 [main] DEBUG org.apache.poi.openxml4j.opc.ZipPackage - Save part 'docProps/core.xml'
15:55:53.832 [main] DEBUG org.apache.poi.openxml4j.opc.ZipPackage - Save part 'xl/sharedStrings.xml'
15:55:53.832 [main] DEBUG org.apache.poi.openxml4j.opc.ZipPackage - Save part 'xl/styles.xml'
15:55:53.833 [main] DEBUG org.apache.poi.openxml4j.opc.ZipPackage - Save part 'xl/theme/theme1.xml'
15:55:53.835 [main] DEBUG org.apache.poi.openxml4j.opc.ZipPackage - Save part 'xl/workbook.xml'
15:55:53.838 [main] DEBUG org.apache.poi.openxml4j.opc.ZipPackage - Save part 'xl/worksheets/sheet1.xml'
15:55:53.838 [main] DEBUG org.apache.poi.openxml4j.opc.ZipPackage - Save part 'xl/worksheets/sheet2.xml'
15:55:53.839 [main] DEBUG org.apache.poi.openxml4j.opc.ZipPackage - Save part 'xl/worksheets/sheet3.xml'
15:55:53.920 [main] DEBUG org.apache.poi.openxml4j.opc.PackageRelationshipCollection - Parsing relationship: /xl/_rels/workbook.xml.rels
15:55:53.921 [main] DEBUG org.apache.poi.openxml4j.opc.PackageRelationshipCollection - Parsing relationship: /_rels/.rels
15:55:53.950 [main] DEBUG org.apache.poi.openxml4j.opc.ZipPackage - Save content types part
15:55:53.953 [main] DEBUG org.apache.poi.openxml4j.opc.ZipPackage - Save package relationships
15:55:53.955 [main] DEBUG org.apache.poi.openxml4j.opc.ZipPackage - Save part 'docProps/app.xml'
15:55:53.956 [main] DEBUG org.apache.poi.openxml4j.opc.ZipPackage - Save part 'docProps/core.xml'
15:55:53.959 [main] DEBUG org.apache.poi.openxml4j.opc.ZipPackage - Save part 'xl/sharedStrings.xml'
15:55:53.959 [main] DEBUG org.apache.poi.openxml4j.opc.ZipPackage - Save part 'xl/styles.xml'
15:55:53.960 [main] DEBUG org.apache.poi.openxml4j.opc.ZipPackage - Save part 'xl/theme/theme1.xml'
15:55:53.961 [main] DEBUG org.apache.poi.openxml4j.opc.ZipPackage - Save part 'xl/workbook.xml'
15:55:53.963 [main] DEBUG org.apache.poi.openxml4j.opc.ZipPackage - Save part 'xl/worksheets/sheet1.xml'
15:55:53.964 [main] DEBUG org.apache.poi.openxml4j.opc.ZipPackage - Save part 'xl/worksheets/sheet2.xml'
15:55:53.965 [main] DEBUG org.apache.poi.openxml4j.opc.ZipPackage - Save part 'xl/worksheets/sheet3.xml'
15:55:54.040 [main] DEBUG org.apache.poi.openxml4j.opc.PackageRelationshipCollection - Parsing relationship: /xl/_rels/workbook.xml.rels
15:55:54.041 [main] DEBUG org.apache.poi.openxml4j.opc.PackageRelationshipCollection - Parsing relationship: /_rels/.rels
15:55:54.078 [main] DEBUG org.apache.poi.openxml4j.opc.ZipPackage - Save content types part
15:55:54.080 [main] DEBUG org.apache.poi.openxml4j.opc.ZipPackage - Save package relationships
15:55:54.083 [main] DEBUG org.apache.poi.openxml4j.opc.ZipPackage - Save part 'docProps/app.xml'
15:55:54.084 [main] DEBUG org.apache.poi.openxml4j.opc.ZipPackage - Save part 'docProps/core.xml'
15:55:54.086 [main] DEBUG org.apache.poi.openxml4j.opc.ZipPackage - Save part 'xl/sharedStrings.xml'
15:55:54.087 [main] DEBUG org.apache.poi.openxml4j.opc.ZipPackage - Save part 'xl/styles.xml'
15:55:54.087 [main] DEBUG org.apache.poi.openxml4j.opc.ZipPackage - Save part 'xl/theme/theme1.xml'
15:55:54.088 [main] DEBUG org.apache.poi.openxml4j.opc.ZipPackage - Save part 'xl/workbook.xml'
15:55:54.091 [main] DEBUG org.apache.poi.openxml4j.opc.ZipPackage - Save part 'xl/worksheets/sheet1.xml'
15:55:54.091 [main] DEBUG org.apache.poi.openxml4j.opc.ZipPackage - Save part 'xl/worksheets/sheet2.xml'
15:55:54.092 [main] DEBUG org.apache.poi.openxml4j.opc.ZipPackage - Save part 'xl/worksheets/sheet3.xml'
15:55:54.202 [main] DEBUG org.apache.poi.openxml4j.opc.PackageRelationshipCollection - Parsing relationship: /xl/_rels/workbook.xml.rels
15:55:54.203 [main] DEBUG org.apache.poi.openxml4j.opc.PackageRelationshipCollection - Parsing relationship: /_rels/.rels
15:55:54.229 [main] DEBUG org.apache.poi.openxml4j.opc.ZipPackage - Save content types part
15:55:54.230 [main] DEBUG org.apache.poi.openxml4j.opc.ZipPackage - Save package relationships
15:55:54.233 [main] DEBUG org.apache.poi.openxml4j.opc.ZipPackage - Save part 'docProps/app.xml'
15:55:54.234 [main] DEBUG org.apache.poi.openxml4j.opc.ZipPackage - Save part 'docProps/core.xml'
15:55:54.236 [main] DEBUG org.apache.poi.openxml4j.opc.ZipPackage - Save part 'xl/sharedStrings.xml'
15:55:54.237 [main] DEBUG org.apache.poi.openxml4j.opc.ZipPackage - Save part 'xl/styles.xml'
15:55:54.238 [main] DEBUG org.apache.poi.openxml4j.opc.ZipPackage - Save part 'xl/theme/theme1.xml'
15:55:54.238 [main] DEBUG org.apache.poi.openxml4j.opc.ZipPackage - Save part 'xl/workbook.xml'
15:55:54.241 [main] DEBUG org.apache.poi.openxml4j.opc.ZipPackage - Save part 'xl/worksheets/sheet1.xml'
15:55:54.242 [main] DEBUG org.apache.poi.openxml4j.opc.ZipPackage - Save part 'xl/worksheets/sheet2.xml'
15:55:54.242 [main] DEBUG org.apache.poi.openxml4j.opc.ZipPackage - Save part 'xl/worksheets/sheet3.xml'
15:55:54.272 [main] INFO  TestCases.TC006_HealthInsuranceNewTest - health insurance menu items listed
15:55:59.868 [main] INFO  TestCases.TC006_HealthInsuranceNewTest - Page closed
10:15:03.018 [main] INFO  TestCases.TC006_HealthInsuranceNewTest - Home page opened
10:15:23.009 [main] INFO  TestCases.TC006_HealthInsuranceNewTest - Travelinsurance clicked
10:15:24.826 [main] INFO  TestCases.TC006_HealthInsuranceNewTest - Germany is selected
10:15:28.098 [main] INFO  TestCases.TC006_HealthInsuranceNewTest - Continue button is clicked
10:15:30.189 [main] INFO  TestCases.TC006_HealthInsuranceNewTest - Start Date selected
10:15:32.881 [main] INFO  TestCases.TC006_HealthInsuranceNewTest - End Date selected
10:16:50.385 [main] INFO  TestCases.TC006_HealthInsuranceNewTest - Page closed
10:17:14.411 [main] INFO  TestCases.TC006_HealthInsuranceNewTest - Home page opened
10:17:42.802 [main] INFO  TestCases.TC006_HealthInsuranceNewTest - Travelinsurance clicked
10:17:44.214 [main] INFO  TestCases.TC006_HealthInsuranceNewTest - Germany is selected
10:17:47.315 [main] INFO  TestCases.TC006_HealthInsuranceNewTest - Continue button is clicked
10:17:49.478 [main] INFO  TestCases.TC006_HealthInsuranceNewTest - Start Date selected
10:17:52.172 [main] INFO  TestCases.TC006_HealthInsuranceNewTest - End Date selected
10:19:50.302 [main] INFO  TestCases.TC006_HealthInsuranceNewTest - Page closed
10:20:18.861 [main] INFO  TestCases.TC006_HealthInsuranceNewTest - Home page opened
10:20:25.157 [main] INFO  TestCases.TC006_HealthInsuranceNewTest - Travelinsurance clicked
10:20:27.143 [main] INFO  TestCases.TC006_HealthInsuranceNewTest - Germany is selected
10:20:30.092 [main] INFO  TestCases.TC006_HealthInsuranceNewTest - Continue button is clicked
10:20:32.676 [main] INFO  TestCases.TC006_HealthInsuranceNewTest - Start Date selected
10:20:35.381 [main] INFO  TestCases.TC006_HealthInsuranceNewTest - End Date selected
10:20:39.187 [main] INFO  TestCases.TC006_HealthInsuranceNewTest - two people selected
10:20:39.896 [main] INFO  TestCases.TC006_HealthInsuranceNewTest - Traveller1 age selected
10:20:40.519 [main] INFO  TestCases.TC006_HealthInsuranceNewTest - Traveller2 age selected
10:20:43.824 [main] INFO  TestCases.TC006_HealthInsuranceNewTest - MedicalConditions selected
10:20:46.330 [main] INFO  TestCases.TC006_HealthInsuranceNewTest - MobileNumber given
10:20:46.387 [main] INFO  TestCases.TC006_HealthInsuranceNewTest - continue button is clicked
10:20:56.874 [main] DEBUG org.apache.poi.openxml4j.opc.PackageRelationshipCollection - Parsing relationship: /xl/_rels/workbook.xml.rels
10:20:56.886 [main] DEBUG org.apache.poi.openxml4j.opc.PackageRelationshipCollection - Parsing relationship: /_rels/.rels
10:20:58.899 [main] DEBUG org.apache.poi.openxml4j.opc.ZipPackage - Save content types part
10:20:59.174 [main] DEBUG org.apache.poi.openxml4j.opc.ZipPackage - Save package relationships
10:20:59.192 [main] DEBUG org.apache.poi.openxml4j.opc.ZipPackage - Save part 'docProps/app.xml'
10:20:59.194 [main] DEBUG org.apache.poi.openxml4j.opc.ZipPackage - Save part 'docProps/core.xml'
10:20:59.207 [main] DEBUG org.apache.poi.openxml4j.opc.ZipPackage - Save part 'xl/sharedStrings.xml'
10:20:59.208 [main] DEBUG org.apache.poi.openxml4j.opc.ZipPackage - Save part 'xl/styles.xml'
10:20:59.210 [main] DEBUG org.apache.poi.openxml4j.opc.ZipPackage - Save part 'xl/theme/theme1.xml'
10:20:59.212 [main] DEBUG org.apache.poi.openxml4j.opc.ZipPackage - Save part 'xl/workbook.xml'
10:20:59.219 [main] DEBUG org.apache.poi.openxml4j.opc.ZipPackage - Save part 'xl/worksheets/sheet1.xml'
10:20:59.221 [main] DEBUG org.apache.poi.openxml4j.opc.ZipPackage - Save part 'xl/worksheets/sheet2.xml'
10:20:59.222 [main] DEBUG org.apache.poi.openxml4j.opc.ZipPackage - Save part 'xl/worksheets/sheet3.xml'
10:20:59.573 [main] DEBUG org.apache.poi.openxml4j.opc.PackageRelationshipCollection - Parsing relationship: /xl/_rels/workbook.xml.rels
10:20:59.578 [main] DEBUG org.apache.poi.openxml4j.opc.PackageRelationshipCollection - Parsing relationship: /_rels/.rels
10:20:59.782 [main] DEBUG org.apache.poi.openxml4j.opc.ZipPackage - Save content types part
10:20:59.789 [main] DEBUG org.apache.poi.openxml4j.opc.ZipPackage - Save package relationships
10:20:59.800 [main] DEBUG org.apache.poi.openxml4j.opc.ZipPackage - Save part 'docProps/app.xml'
10:20:59.802 [main] DEBUG org.apache.poi.openxml4j.opc.ZipPackage - Save part 'docProps/core.xml'
10:20:59.810 [main] DEBUG org.apache.poi.openxml4j.opc.ZipPackage - Save part 'xl/sharedStrings.xml'
10:20:59.811 [main] DEBUG org.apache.poi.openxml4j.opc.ZipPackage - Save part 'xl/styles.xml'
10:20:59.812 [main] DEBUG org.apache.poi.openxml4j.opc.ZipPackage - Save part 'xl/theme/theme1.xml'
10:20:59.814 [main] DEBUG org.apache.poi.openxml4j.opc.ZipPackage - Save part 'xl/workbook.xml'
10:20:59.821 [main] DEBUG org.apache.poi.openxml4j.opc.ZipPackage - Save part 'xl/worksheets/sheet1.xml'
10:20:59.824 [main] DEBUG org.apache.poi.openxml4j.opc.ZipPackage - Save part 'xl/worksheets/sheet2.xml'
10:20:59.826 [main] DEBUG org.apache.poi.openxml4j.opc.ZipPackage - Save part 'xl/worksheets/sheet3.xml'
10:20:59.954 [main] DEBUG org.apache.poi.openxml4j.opc.PackageRelationshipCollection - Parsing relationship: /xl/_rels/workbook.xml.rels
10:20:59.960 [main] DEBUG org.apache.poi.openxml4j.opc.PackageRelationshipCollection - Parsing relationship: /_rels/.rels
10:21:00.224 [main] DEBUG org.apache.poi.openxml4j.opc.ZipPackage - Save content types part
10:21:00.233 [main] DEBUG org.apache.poi.openxml4j.opc.ZipPackage - Save package relationships
10:21:00.241 [main] DEBUG org.apache.poi.openxml4j.opc.ZipPackage - Save part 'docProps/app.xml'
10:21:00.244 [main] DEBUG org.apache.poi.openxml4j.opc.ZipPackage - Save part 'docProps/core.xml'
10:21:00.260 [main] DEBUG org.apache.poi.openxml4j.opc.ZipPackage - Save part 'xl/sharedStrings.xml'
10:21:00.262 [main] DEBUG org.apache.poi.openxml4j.opc.ZipPackage - Save part 'xl/styles.xml'
10:21:00.264 [main] DEBUG org.apache.poi.openxml4j.opc.ZipPackage - Save part 'xl/theme/theme1.xml'
10:21:00.275 [main] DEBUG org.apache.poi.openxml4j.opc.ZipPackage - Save part 'xl/workbook.xml'
10:21:00.290 [main] DEBUG org.apache.poi.openxml4j.opc.ZipPackage - Save part 'xl/worksheets/sheet1.xml'
10:21:00.292 [main] DEBUG org.apache.poi.openxml4j.opc.ZipPackage - Save part 'xl/worksheets/sheet2.xml'
10:21:00.293 [main] DEBUG org.apache.poi.openxml4j.opc.ZipPackage - Save part 'xl/worksheets/sheet3.xml'
10:21:01.055 [main] DEBUG org.apache.poi.openxml4j.opc.PackageRelationshipCollection - Parsing relationship: /xl/_rels/workbook.xml.rels
10:21:01.058 [main] DEBUG org.apache.poi.openxml4j.opc.PackageRelationshipCollection - Parsing relationship: /_rels/.rels
10:21:01.322 [main] DEBUG org.apache.poi.openxml4j.opc.ZipPackage - Save content types part
10:21:01.332 [main] DEBUG org.apache.poi.openxml4j.opc.ZipPackage - Save package relationships
10:21:01.353 [main] DEBUG org.apache.poi.openxml4j.opc.ZipPackage - Save part 'docProps/app.xml'
10:21:01.367 [main] DEBUG org.apache.poi.openxml4j.opc.ZipPackage - Save part 'docProps/core.xml'
10:21:01.374 [main] DEBUG org.apache.poi.openxml4j.opc.ZipPackage - Save part 'xl/sharedStrings.xml'
10:21:01.376 [main] DEBUG org.apache.poi.openxml4j.opc.ZipPackage - Save part 'xl/styles.xml'
10:21:01.377 [main] DEBUG org.apache.poi.openxml4j.opc.ZipPackage - Save part 'xl/theme/theme1.xml'
10:21:01.379 [main] DEBUG org.apache.poi.openxml4j.opc.ZipPackage - Save part 'xl/workbook.xml'
10:21:01.389 [main] DEBUG org.apache.poi.openxml4j.opc.ZipPackage - Save part 'xl/worksheets/sheet1.xml'
10:21:01.391 [main] DEBUG org.apache.poi.openxml4j.opc.ZipPackage - Save part 'xl/worksheets/sheet2.xml'
10:21:01.392 [main] DEBUG org.apache.poi.openxml4j.opc.ZipPackage - Save part 'xl/worksheets/sheet3.xml'
10:21:02.017 [main] DEBUG org.apache.poi.openxml4j.opc.PackageRelationshipCollection - Parsing relationship: /xl/_rels/workbook.xml.rels
10:21:02.021 [main] DEBUG org.apache.poi.openxml4j.opc.PackageRelationshipCollection - Parsing relationship: /_rels/.rels
10:21:02.157 [main] DEBUG org.apache.poi.openxml4j.opc.ZipPackage - Save content types part
10:21:02.162 [main] DEBUG org.apache.poi.openxml4j.opc.ZipPackage - Save package relationships
10:21:02.168 [main] DEBUG org.apache.poi.openxml4j.opc.ZipPackage - Save part 'docProps/app.xml'
10:21:02.170 [main] DEBUG org.apache.poi.openxml4j.opc.ZipPackage - Save part 'docProps/core.xml'
10:21:02.177 [main] DEBUG org.apache.poi.openxml4j.opc.ZipPackage - Save part 'xl/sharedStrings.xml'
10:21:02.181 [main] DEBUG org.apache.poi.openxml4j.opc.ZipPackage - Save part 'xl/styles.xml'
10:21:02.187 [main] DEBUG org.apache.poi.openxml4j.opc.ZipPackage - Save part 'xl/theme/theme1.xml'
10:21:02.189 [main] DEBUG org.apache.poi.openxml4j.opc.ZipPackage - Save part 'xl/workbook.xml'
10:21:02.198 [main] DEBUG org.apache.poi.openxml4j.opc.ZipPackage - Save part 'xl/worksheets/sheet1.xml'
10:21:02.199 [main] DEBUG org.apache.poi.openxml4j.opc.ZipPackage - Save part 'xl/worksheets/sheet2.xml'
10:21:02.201 [main] DEBUG org.apache.poi.openxml4j.opc.ZipPackage - Save part 'xl/worksheets/sheet3.xml'
10:21:02.579 [main] DEBUG org.apache.poi.openxml4j.opc.PackageRelationshipCollection - Parsing relationship: /xl/_rels/workbook.xml.rels
10:21:02.582 [main] DEBUG org.apache.poi.openxml4j.opc.PackageRelationshipCollection - Parsing relationship: /_rels/.rels
10:21:02.670 [main] DEBUG org.apache.poi.openxml4j.opc.ZipPackage - Save content types part
10:21:02.673 [main] DEBUG org.apache.poi.openxml4j.opc.ZipPackage - Save package relationships
10:21:02.676 [main] DEBUG org.apache.poi.openxml4j.opc.ZipPackage - Save part 'docProps/app.xml'
10:21:02.677 [main] DEBUG org.apache.poi.openxml4j.opc.ZipPackage - Save part 'docProps/core.xml'
10:21:02.680 [main] DEBUG org.apache.poi.openxml4j.opc.ZipPackage - Save part 'xl/sharedStrings.xml'
10:21:02.681 [main] DEBUG org.apache.poi.openxml4j.opc.ZipPackage - Save part 'xl/styles.xml'
10:21:02.682 [main] DEBUG org.apache.poi.openxml4j.opc.ZipPackage - Save part 'xl/theme/theme1.xml'
10:21:02.683 [main] DEBUG org.apache.poi.openxml4j.opc.ZipPackage - Save part 'xl/workbook.xml'
10:21:02.688 [main] DEBUG org.apache.poi.openxml4j.opc.ZipPackage - Save part 'xl/worksheets/sheet1.xml'
10:21:02.689 [main] DEBUG org.apache.poi.openxml4j.opc.ZipPackage - Save part 'xl/worksheets/sheet2.xml'
10:21:02.690 [main] DEBUG org.apache.poi.openxml4j.opc.ZipPackage - Save part 'xl/worksheets/sheet3.xml'
10:21:16.598 [main] INFO  TestCases.TC006_HealthInsuranceNewTest - city selected
10:21:17.200 [main] INFO  TestCases.TC006_HealthInsuranceNewTest - Rto selected
10:21:19.446 [main] INFO  TestCases.TC006_HealthInsuranceNewTest - Brand selection
10:21:22.084 [main] INFO  TestCases.TC006_HealthInsuranceNewTest - Model Selection
10:21:24.758 [main] INFO  TestCases.TC006_HealthInsuranceNewTest - Fuel Type Selection
10:21:27.593 [main] INFO  TestCases.TC006_HealthInsuranceNewTest - Car variant selection
10:21:30.812 [main] INFO  TestCases.TC006_HealthInsuranceNewTest - Name given
10:21:30.841 [main] DEBUG org.apache.poi.openxml4j.opc.PackageRelationshipCollection - Parsing relationship: /xl/_rels/workbook.xml.rels
10:21:30.845 [main] DEBUG org.apache.poi.openxml4j.opc.PackageRelationshipCollection - Parsing relationship: /_rels/.rels
10:21:31.582 [main] INFO  TestCases.TC006_HealthInsuranceNewTest - Email given
10:21:32.131 [main] INFO  TestCases.TC006_HealthInsuranceNewTest - phone number  given
10:21:40.363 [main] DEBUG org.apache.poi.openxml4j.opc.PackageRelationshipCollection - Parsing relationship: /xl/_rels/workbook.xml.rels
10:21:40.366 [main] DEBUG org.apache.poi.openxml4j.opc.PackageRelationshipCollection - Parsing relationship: /_rels/.rels
10:21:40.457 [main] DEBUG org.apache.poi.openxml4j.opc.ZipPackage - Save content types part
10:21:40.462 [main] DEBUG org.apache.poi.openxml4j.opc.ZipPackage - Save package relationships
10:21:40.467 [main] DEBUG org.apache.poi.openxml4j.opc.ZipPackage - Save part 'docProps/app.xml'
10:21:40.468 [main] DEBUG org.apache.poi.openxml4j.opc.ZipPackage - Save part 'docProps/core.xml'
10:21:40.473 [main] DEBUG org.apache.poi.openxml4j.opc.ZipPackage - Save part 'xl/sharedStrings.xml'
10:21:40.474 [main] DEBUG org.apache.poi.openxml4j.opc.ZipPackage - Save part 'xl/styles.xml'
10:21:40.475 [main] DEBUG org.apache.poi.openxml4j.opc.ZipPackage - Save part 'xl/theme/theme1.xml'
10:21:40.477 [main] DEBUG org.apache.poi.openxml4j.opc.ZipPackage - Save part 'xl/workbook.xml'
10:21:40.482 [main] DEBUG org.apache.poi.openxml4j.opc.ZipPackage - Save part 'xl/worksheets/sheet1.xml'
10:21:40.483 [main] DEBUG org.apache.poi.openxml4j.opc.ZipPackage - Save part 'xl/worksheets/sheet2.xml'
10:21:40.485 [main] DEBUG org.apache.poi.openxml4j.opc.ZipPackage - Save part 'xl/worksheets/sheet3.xml'
10:21:40.861 [main] INFO  TestCases.TC006_HealthInsuranceNewTest - Email error screenshot taken
10:21:46.803 [main] DEBUG org.apache.poi.openxml4j.opc.PackageRelationshipCollection - Parsing relationship: /xl/_rels/workbook.xml.rels
10:21:46.806 [main] DEBUG org.apache.poi.openxml4j.opc.PackageRelationshipCollection - Parsing relationship: /_rels/.rels
10:21:46.897 [main] DEBUG org.apache.poi.openxml4j.opc.ZipPackage - Save content types part
10:21:46.908 [main] DEBUG org.apache.poi.openxml4j.opc.ZipPackage - Save package relationships
10:21:46.925 [main] DEBUG org.apache.poi.openxml4j.opc.ZipPackage - Save part 'docProps/app.xml'
10:21:46.931 [main] DEBUG org.apache.poi.openxml4j.opc.ZipPackage - Save part 'docProps/core.xml'
10:21:46.961 [main] DEBUG org.apache.poi.openxml4j.opc.ZipPackage - Save part 'xl/sharedStrings.xml'
10:21:46.963 [main] DEBUG org.apache.poi.openxml4j.opc.ZipPackage - Save part 'xl/styles.xml'
10:21:46.965 [main] DEBUG org.apache.poi.openxml4j.opc.ZipPackage - Save part 'xl/theme/theme1.xml'
10:21:46.968 [main] DEBUG org.apache.poi.openxml4j.opc.ZipPackage - Save part 'xl/workbook.xml'
10:21:46.979 [main] DEBUG org.apache.poi.openxml4j.opc.ZipPackage - Save part 'xl/worksheets/sheet1.xml'
10:21:46.981 [main] DEBUG org.apache.poi.openxml4j.opc.ZipPackage - Save part 'xl/worksheets/sheet2.xml'
10:21:46.983 [main] DEBUG org.apache.poi.openxml4j.opc.ZipPackage - Save part 'xl/worksheets/sheet3.xml'
10:21:47.080 [main] DEBUG org.apache.poi.openxml4j.opc.PackageRelationshipCollection - Parsing relationship: /xl/_rels/workbook.xml.rels
10:21:47.082 [main] DEBUG org.apache.poi.openxml4j.opc.PackageRelationshipCollection - Parsing relationship: /_rels/.rels
10:21:47.149 [main] DEBUG org.apache.poi.openxml4j.opc.ZipPackage - Save content types part
10:21:47.155 [main] DEBUG org.apache.poi.openxml4j.opc.ZipPackage - Save package relationships
10:21:47.159 [main] DEBUG org.apache.poi.openxml4j.opc.ZipPackage - Save part 'docProps/app.xml'
10:21:47.161 [main] DEBUG org.apache.poi.openxml4j.opc.ZipPackage - Save part 'docProps/core.xml'
10:21:47.167 [main] DEBUG org.apache.poi.openxml4j.opc.ZipPackage - Save part 'xl/sharedStrings.xml'
10:21:47.168 [main] DEBUG org.apache.poi.openxml4j.opc.ZipPackage - Save part 'xl/styles.xml'
10:21:47.170 [main] DEBUG org.apache.poi.openxml4j.opc.ZipPackage - Save part 'xl/theme/theme1.xml'
10:21:47.172 [main] DEBUG org.apache.poi.openxml4j.opc.ZipPackage - Save part 'xl/workbook.xml'
10:21:47.176 [main] DEBUG org.apache.poi.openxml4j.opc.ZipPackage - Save part 'xl/worksheets/sheet1.xml'
10:21:47.177 [main] DEBUG org.apache.poi.openxml4j.opc.ZipPackage - Save part 'xl/worksheets/sheet2.xml'
10:21:47.177 [main] DEBUG org.apache.poi.openxml4j.opc.ZipPackage - Save part 'xl/worksheets/sheet3.xml'
10:21:47.310 [main] DEBUG org.apache.poi.openxml4j.opc.PackageRelationshipCollection - Parsing relationship: /xl/_rels/workbook.xml.rels
10:21:47.313 [main] DEBUG org.apache.poi.openxml4j.opc.PackageRelationshipCollection - Parsing relationship: /_rels/.rels
10:21:47.410 [main] DEBUG org.apache.poi.openxml4j.opc.ZipPackage - Save content types part
10:21:47.415 [main] DEBUG org.apache.poi.openxml4j.opc.ZipPackage - Save package relationships
10:21:47.420 [main] DEBUG org.apache.poi.openxml4j.opc.ZipPackage - Save part 'docProps/app.xml'
10:21:47.422 [main] DEBUG org.apache.poi.openxml4j.opc.ZipPackage - Save part 'docProps/core.xml'
10:21:47.431 [main] DEBUG org.apache.poi.openxml4j.opc.ZipPackage - Save part 'xl/sharedStrings.xml'
10:21:47.433 [main] DEBUG org.apache.poi.openxml4j.opc.ZipPackage - Save part 'xl/styles.xml'
10:21:47.434 [main] DEBUG org.apache.poi.openxml4j.opc.ZipPackage - Save part 'xl/theme/theme1.xml'
10:21:47.439 [main] DEBUG org.apache.poi.openxml4j.opc.ZipPackage - Save part 'xl/workbook.xml'
10:21:47.448 [main] DEBUG org.apache.poi.openxml4j.opc.ZipPackage - Save part 'xl/worksheets/sheet1.xml'
10:21:47.449 [main] DEBUG org.apache.poi.openxml4j.opc.ZipPackage - Save part 'xl/worksheets/sheet2.xml'
10:21:47.451 [main] DEBUG org.apache.poi.openxml4j.opc.ZipPackage - Save part 'xl/worksheets/sheet3.xml'
10:21:47.708 [main] DEBUG org.apache.poi.openxml4j.opc.PackageRelationshipCollection - Parsing relationship: /xl/_rels/workbook.xml.rels
10:21:47.711 [main] DEBUG org.apache.poi.openxml4j.opc.PackageRelationshipCollection - Parsing relationship: /_rels/.rels
10:21:47.775 [main] DEBUG org.apache.poi.openxml4j.opc.ZipPackage - Save content types part
10:21:47.779 [main] DEBUG org.apache.poi.openxml4j.opc.ZipPackage - Save package relationships
10:21:47.783 [main] DEBUG org.apache.poi.openxml4j.opc.ZipPackage - Save part 'docProps/app.xml'
10:21:47.784 [main] DEBUG org.apache.poi.openxml4j.opc.ZipPackage - Save part 'docProps/core.xml'
10:21:47.789 [main] DEBUG org.apache.poi.openxml4j.opc.ZipPackage - Save part 'xl/sharedStrings.xml'
10:21:47.790 [main] DEBUG org.apache.poi.openxml4j.opc.ZipPackage - Save part 'xl/styles.xml'
10:21:47.790 [main] DEBUG org.apache.poi.openxml4j.opc.ZipPackage - Save part 'xl/theme/theme1.xml'
10:21:47.791 [main] DEBUG org.apache.poi.openxml4j.opc.ZipPackage - Save part 'xl/workbook.xml'
10:21:47.795 [main] DEBUG org.apache.poi.openxml4j.opc.ZipPackage - Save part 'xl/worksheets/sheet1.xml'
10:21:47.796 [main] DEBUG org.apache.poi.openxml4j.opc.ZipPackage - Save part 'xl/worksheets/sheet2.xml'
10:21:47.797 [main] DEBUG org.apache.poi.openxml4j.opc.ZipPackage - Save part 'xl/worksheets/sheet3.xml'
10:21:48.009 [main] DEBUG org.apache.poi.openxml4j.opc.PackageRelationshipCollection - Parsing relationship: /xl/_rels/workbook.xml.rels
10:21:48.013 [main] DEBUG org.apache.poi.openxml4j.opc.PackageRelationshipCollection - Parsing relationship: /_rels/.rels
10:21:48.124 [main] DEBUG org.apache.poi.openxml4j.opc.ZipPackage - Save content types part
10:21:48.128 [main] DEBUG org.apache.poi.openxml4j.opc.ZipPackage - Save package relationships
10:21:48.133 [main] DEBUG org.apache.poi.openxml4j.opc.ZipPackage - Save part 'docProps/app.xml'
10:21:48.134 [main] DEBUG org.apache.poi.openxml4j.opc.ZipPackage - Save part 'docProps/core.xml'
10:21:48.139 [main] DEBUG org.apache.poi.openxml4j.opc.ZipPackage - Save part 'xl/sharedStrings.xml'
10:21:48.140 [main] DEBUG org.apache.poi.openxml4j.opc.ZipPackage - Save part 'xl/styles.xml'
10:21:48.141 [main] DEBUG org.apache.poi.openxml4j.opc.ZipPackage - Save part 'xl/theme/theme1.xml'
10:21:48.143 [main] DEBUG org.apache.poi.openxml4j.opc.ZipPackage - Save part 'xl/workbook.xml'
10:21:48.150 [main] DEBUG org.apache.poi.openxml4j.opc.ZipPackage - Save part 'xl/worksheets/sheet1.xml'
10:21:48.154 [main] DEBUG org.apache.poi.openxml4j.opc.ZipPackage - Save part 'xl/worksheets/sheet2.xml'
10:21:48.158 [main] DEBUG org.apache.poi.openxml4j.opc.ZipPackage - Save part 'xl/worksheets/sheet3.xml'
10:21:48.329 [main] DEBUG org.apache.poi.openxml4j.opc.PackageRelationshipCollection - Parsing relationship: /xl/_rels/workbook.xml.rels
10:21:48.332 [main] DEBUG org.apache.poi.openxml4j.opc.PackageRelationshipCollection - Parsing relationship: /_rels/.rels
10:21:48.424 [main] DEBUG org.apache.poi.openxml4j.opc.ZipPackage - Save content types part
10:21:48.429 [main] DEBUG org.apache.poi.openxml4j.opc.ZipPackage - Save package relationships
10:21:48.433 [main] DEBUG org.apache.poi.openxml4j.opc.ZipPackage - Save part 'docProps/app.xml'
10:21:48.434 [main] DEBUG org.apache.poi.openxml4j.opc.ZipPackage - Save part 'docProps/core.xml'
10:21:48.440 [main] DEBUG org.apache.poi.openxml4j.opc.ZipPackage - Save part 'xl/sharedStrings.xml'
10:21:48.441 [main] DEBUG org.apache.poi.openxml4j.opc.ZipPackage - Save part 'xl/styles.xml'
10:21:48.443 [main] DEBUG org.apache.poi.openxml4j.opc.ZipPackage - Save part 'xl/theme/theme1.xml'
10:21:48.445 [main] DEBUG org.apache.poi.openxml4j.opc.ZipPackage - Save part 'xl/workbook.xml'
10:21:48.450 [main] DEBUG org.apache.poi.openxml4j.opc.ZipPackage - Save part 'xl/worksheets/sheet1.xml'
10:21:48.451 [main] DEBUG org.apache.poi.openxml4j.opc.ZipPackage - Save part 'xl/worksheets/sheet2.xml'
10:21:48.452 [main] DEBUG org.apache.poi.openxml4j.opc.ZipPackage - Save part 'xl/worksheets/sheet3.xml'
10:21:48.628 [main] DEBUG org.apache.poi.openxml4j.opc.PackageRelationshipCollection - Parsing relationship: /xl/_rels/workbook.xml.rels
10:21:48.631 [main] DEBUG org.apache.poi.openxml4j.opc.PackageRelationshipCollection - Parsing relationship: /_rels/.rels
10:21:48.711 [main] DEBUG org.apache.poi.openxml4j.opc.ZipPackage - Save content types part
10:21:48.715 [main] DEBUG org.apache.poi.openxml4j.opc.ZipPackage - Save package relationships
10:21:48.718 [main] DEBUG org.apache.poi.openxml4j.opc.ZipPackage - Save part 'docProps/app.xml'
10:21:48.719 [main] DEBUG org.apache.poi.openxml4j.opc.ZipPackage - Save part 'docProps/core.xml'
10:21:48.727 [main] DEBUG org.apache.poi.openxml4j.opc.ZipPackage - Save part 'xl/sharedStrings.xml'
10:21:48.728 [main] DEBUG org.apache.poi.openxml4j.opc.ZipPackage - Save part 'xl/styles.xml'
10:21:48.729 [main] DEBUG org.apache.poi.openxml4j.opc.ZipPackage - Save part 'xl/theme/theme1.xml'
10:21:48.730 [main] DEBUG org.apache.poi.openxml4j.opc.ZipPackage - Save part 'xl/workbook.xml'
10:21:48.734 [main] DEBUG org.apache.poi.openxml4j.opc.ZipPackage - Save part 'xl/worksheets/sheet1.xml'
10:21:48.735 [main] DEBUG org.apache.poi.openxml4j.opc.ZipPackage - Save part 'xl/worksheets/sheet2.xml'
10:21:48.737 [main] DEBUG org.apache.poi.openxml4j.opc.ZipPackage - Save part 'xl/worksheets/sheet3.xml'
10:21:48.904 [main] DEBUG org.apache.poi.openxml4j.opc.PackageRelationshipCollection - Parsing relationship: /xl/_rels/workbook.xml.rels
10:21:48.909 [main] DEBUG org.apache.poi.openxml4j.opc.PackageRelationshipCollection - Parsing relationship: /_rels/.rels
10:21:48.994 [main] DEBUG org.apache.poi.openxml4j.opc.ZipPackage - Save content types part
10:21:48.998 [main] DEBUG org.apache.poi.openxml4j.opc.ZipPackage - Save package relationships
10:21:49.001 [main] DEBUG org.apache.poi.openxml4j.opc.ZipPackage - Save part 'docProps/app.xml'
10:21:49.004 [main] DEBUG org.apache.poi.openxml4j.opc.ZipPackage - Save part 'docProps/core.xml'
10:21:49.010 [main] DEBUG org.apache.poi.openxml4j.opc.ZipPackage - Save part 'xl/sharedStrings.xml'
10:21:49.010 [main] DEBUG org.apache.poi.openxml4j.opc.ZipPackage - Save part 'xl/styles.xml'
10:21:49.011 [main] DEBUG org.apache.poi.openxml4j.opc.ZipPackage - Save part 'xl/theme/theme1.xml'
10:21:49.012 [main] DEBUG org.apache.poi.openxml4j.opc.ZipPackage - Save part 'xl/workbook.xml'
10:21:49.016 [main] DEBUG org.apache.poi.openxml4j.opc.ZipPackage - Save part 'xl/worksheets/sheet1.xml'
10:21:49.017 [main] DEBUG org.apache.poi.openxml4j.opc.ZipPackage - Save part 'xl/worksheets/sheet2.xml'
10:21:49.019 [main] DEBUG org.apache.poi.openxml4j.opc.ZipPackage - Save part 'xl/worksheets/sheet3.xml'
10:21:49.142 [main] DEBUG org.apache.poi.openxml4j.opc.PackageRelationshipCollection - Parsing relationship: /xl/_rels/workbook.xml.rels
10:21:49.146 [main] DEBUG org.apache.poi.openxml4j.opc.PackageRelationshipCollection - Parsing relationship: /_rels/.rels
10:21:49.225 [main] DEBUG org.apache.poi.openxml4j.opc.ZipPackage - Save content types part
10:21:49.230 [main] DEBUG org.apache.poi.openxml4j.opc.ZipPackage - Save package relationships
10:21:49.235 [main] DEBUG org.apache.poi.openxml4j.opc.ZipPackage - Save part 'docProps/app.xml'
10:21:49.237 [main] DEBUG org.apache.poi.openxml4j.opc.ZipPackage - Save part 'docProps/core.xml'
10:21:49.241 [main] DEBUG org.apache.poi.openxml4j.opc.ZipPackage - Save part 'xl/sharedStrings.xml'
10:21:49.242 [main] DEBUG org.apache.poi.openxml4j.opc.ZipPackage - Save part 'xl/styles.xml'
10:21:49.242 [main] DEBUG org.apache.poi.openxml4j.opc.ZipPackage - Save part 'xl/theme/theme1.xml'
10:21:49.243 [main] DEBUG org.apache.poi.openxml4j.opc.ZipPackage - Save part 'xl/workbook.xml'
10:21:49.247 [main] DEBUG org.apache.poi.openxml4j.opc.ZipPackage - Save part 'xl/worksheets/sheet1.xml'
10:21:49.248 [main] DEBUG org.apache.poi.openxml4j.opc.ZipPackage - Save part 'xl/worksheets/sheet2.xml'
10:21:49.249 [main] DEBUG org.apache.poi.openxml4j.opc.ZipPackage - Save part 'xl/worksheets/sheet3.xml'
10:21:49.355 [main] DEBUG org.apache.poi.openxml4j.opc.PackageRelationshipCollection - Parsing relationship: /xl/_rels/workbook.xml.rels
10:21:49.357 [main] DEBUG org.apache.poi.openxml4j.opc.PackageRelationshipCollection - Parsing relationship: /_rels/.rels
10:21:49.427 [main] DEBUG org.apache.poi.openxml4j.opc.ZipPackage - Save content types part
10:21:49.431 [main] DEBUG org.apache.poi.openxml4j.opc.ZipPackage - Save package relationships
10:21:49.435 [main] DEBUG org.apache.poi.openxml4j.opc.ZipPackage - Save part 'docProps/app.xml'
10:21:49.436 [main] DEBUG org.apache.poi.openxml4j.opc.ZipPackage - Save part 'docProps/core.xml'
10:21:49.447 [main] DEBUG org.apache.poi.openxml4j.opc.ZipPackage - Save part 'xl/sharedStrings.xml'
10:21:49.449 [main] DEBUG org.apache.poi.openxml4j.opc.ZipPackage - Save part 'xl/styles.xml'
10:21:49.450 [main] DEBUG org.apache.poi.openxml4j.opc.ZipPackage - Save part 'xl/theme/theme1.xml'
10:21:49.453 [main] DEBUG org.apache.poi.openxml4j.opc.ZipPackage - Save part 'xl/workbook.xml'
10:21:49.459 [main] DEBUG org.apache.poi.openxml4j.opc.ZipPackage - Save part 'xl/worksheets/sheet1.xml'
10:21:49.460 [main] DEBUG org.apache.poi.openxml4j.opc.ZipPackage - Save part 'xl/worksheets/sheet2.xml'
10:21:49.460 [main] DEBUG org.apache.poi.openxml4j.opc.ZipPackage - Save part 'xl/worksheets/sheet3.xml'
10:21:49.567 [main] DEBUG org.apache.poi.openxml4j.opc.PackageRelationshipCollection - Parsing relationship: /xl/_rels/workbook.xml.rels
10:21:49.569 [main] DEBUG org.apache.poi.openxml4j.opc.PackageRelationshipCollection - Parsing relationship: /_rels/.rels
10:21:49.618 [main] DEBUG org.apache.poi.openxml4j.opc.ZipPackage - Save content types part
10:21:49.621 [main] DEBUG org.apache.poi.openxml4j.opc.ZipPackage - Save package relationships
10:21:49.624 [main] DEBUG org.apache.poi.openxml4j.opc.ZipPackage - Save part 'docProps/app.xml'
10:21:49.625 [main] DEBUG org.apache.poi.openxml4j.opc.ZipPackage - Save part 'docProps/core.xml'
10:21:49.628 [main] DEBUG org.apache.poi.openxml4j.opc.ZipPackage - Save part 'xl/sharedStrings.xml'
10:21:49.629 [main] DEBUG org.apache.poi.openxml4j.opc.ZipPackage - Save part 'xl/styles.xml'
10:21:49.629 [main] DEBUG org.apache.poi.openxml4j.opc.ZipPackage - Save part 'xl/theme/theme1.xml'
10:21:49.630 [main] DEBUG org.apache.poi.openxml4j.opc.ZipPackage - Save part 'xl/workbook.xml'
10:21:49.635 [main] DEBUG org.apache.poi.openxml4j.opc.ZipPackage - Save part 'xl/worksheets/sheet1.xml'
10:21:49.637 [main] DEBUG org.apache.poi.openxml4j.opc.ZipPackage - Save part 'xl/worksheets/sheet2.xml'
10:21:49.637 [main] DEBUG org.apache.poi.openxml4j.opc.ZipPackage - Save part 'xl/worksheets/sheet3.xml'
10:21:49.749 [main] DEBUG org.apache.poi.openxml4j.opc.PackageRelationshipCollection - Parsing relationship: /xl/_rels/workbook.xml.rels
10:21:49.751 [main] DEBUG org.apache.poi.openxml4j.opc.PackageRelationshipCollection - Parsing relationship: /_rels/.rels
10:21:49.799 [main] DEBUG org.apache.poi.openxml4j.opc.ZipPackage - Save content types part
10:21:49.802 [main] DEBUG org.apache.poi.openxml4j.opc.ZipPackage - Save package relationships
10:21:49.806 [main] DEBUG org.apache.poi.openxml4j.opc.ZipPackage - Save part 'docProps/app.xml'
10:21:49.807 [main] DEBUG org.apache.poi.openxml4j.opc.ZipPackage - Save part 'docProps/core.xml'
10:21:49.810 [main] DEBUG org.apache.poi.openxml4j.opc.ZipPackage - Save part 'xl/sharedStrings.xml'
10:21:49.811 [main] DEBUG org.apache.poi.openxml4j.opc.ZipPackage - Save part 'xl/styles.xml'
10:21:49.812 [main] DEBUG org.apache.poi.openxml4j.opc.ZipPackage - Save part 'xl/theme/theme1.xml'
10:21:49.813 [main] DEBUG org.apache.poi.openxml4j.opc.ZipPackage - Save part 'xl/workbook.xml'
10:21:49.816 [main] DEBUG org.apache.poi.openxml4j.opc.ZipPackage - Save part 'xl/worksheets/sheet1.xml'
10:21:49.817 [main] DEBUG org.apache.poi.openxml4j.opc.ZipPackage - Save part 'xl/worksheets/sheet2.xml'
10:21:49.817 [main] DEBUG org.apache.poi.openxml4j.opc.ZipPackage - Save part 'xl/worksheets/sheet3.xml'
10:21:49.864 [main] INFO  TestCases.TC006_HealthInsuranceNewTest - health insurance menu items listed
10:21:55.433 [main] INFO  TestCases.TC006_HealthInsuranceNewTest - Page closed
10:22:45.623 [main] INFO  TestCases.TC006_HealthInsuranceNewTest - Home page opened
10:22:52.050 [main] INFO  TestCases.TC006_HealthInsuranceNewTest - Travelinsurance clicked
10:22:53.090 [main] INFO  TestCases.TC006_HealthInsuranceNewTest - Germany is selected
10:22:55.891 [main] INFO  TestCases.TC006_HealthInsuranceNewTest - Continue button is clicked
10:22:59.536 [main] INFO  TestCases.TC006_HealthInsuranceNewTest - Start Date selected
10:23:02.353 [main] INFO  TestCases.TC006_HealthInsuranceNewTest - End Date selected
10:24:06.671 [main] INFO  TestCases.TC006_HealthInsuranceNewTest - Home page opened
10:24:13.318 [main] INFO  TestCases.TC006_HealthInsuranceNewTest - Travelinsurance clicked
10:24:14.675 [main] INFO  TestCases.TC006_HealthInsuranceNewTest - Germany is selected
10:24:17.576 [main] INFO  TestCases.TC006_HealthInsuranceNewTest - Continue button is clicked
10:24:19.532 [main] INFO  TestCases.TC006_HealthInsuranceNewTest - Start Date selected
10:24:22.167 [main] INFO  TestCases.TC006_HealthInsuranceNewTest - End Date selected
10:25:30.112 [main] INFO  TestCases.TC006_HealthInsuranceNewTest - Home page opened
10:25:36.663 [main] INFO  TestCases.TC006_HealthInsuranceNewTest - Travelinsurance clicked
10:25:42.261 [main] INFO  TestCases.TC006_HealthInsuranceNewTest - Germany is selected
10:25:45.282 [main] INFO  TestCases.TC006_HealthInsuranceNewTest - Continue button is clicked
10:25:47.626 [main] INFO  TestCases.TC006_HealthInsuranceNewTest - Start Date selected
10:25:50.785 [main] INFO  TestCases.TC006_HealthInsuranceNewTest - End Date selected
10:25:54.386 [main] INFO  TestCases.TC006_HealthInsuranceNewTest - two people selected
10:25:55.806 [main] INFO  TestCases.TC006_HealthInsuranceNewTest - Traveller1 age selected
10:25:56.876 [main] INFO  TestCases.TC006_HealthInsuranceNewTest - Traveller2 age selected
10:26:00.368 [main] INFO  TestCases.TC006_HealthInsuranceNewTest - MedicalConditions selected
10:26:03.356 [main] INFO  TestCases.TC006_HealthInsuranceNewTest - MobileNumber given
10:26:03.413 [main] INFO  TestCases.TC006_HealthInsuranceNewTest - continue button is clicked
10:26:05.819 [main] INFO  TestCases.TC006_HealthInsuranceNewTest - sorted low to high
10:26:33.372 [main] DEBUG org.apache.poi.openxml4j.opc.PackageRelationshipCollection - Parsing relationship: /xl/_rels/workbook.xml.rels
10:26:33.383 [main] DEBUG org.apache.poi.openxml4j.opc.PackageRelationshipCollection - Parsing relationship: /_rels/.rels
10:26:35.247 [main] DEBUG org.apache.poi.openxml4j.opc.ZipPackage - Save content types part
10:26:35.479 [main] DEBUG org.apache.poi.openxml4j.opc.ZipPackage - Save package relationships
10:26:35.493 [main] DEBUG org.apache.poi.openxml4j.opc.ZipPackage - Save part 'docProps/app.xml'
10:26:35.495 [main] DEBUG org.apache.poi.openxml4j.opc.ZipPackage - Save part 'docProps/core.xml'
10:26:35.506 [main] DEBUG org.apache.poi.openxml4j.opc.ZipPackage - Save part 'xl/sharedStrings.xml'
10:26:35.507 [main] DEBUG org.apache.poi.openxml4j.opc.ZipPackage - Save part 'xl/styles.xml'
10:26:35.509 [main] DEBUG org.apache.poi.openxml4j.opc.ZipPackage - Save part 'xl/theme/theme1.xml'
10:26:35.511 [main] DEBUG org.apache.poi.openxml4j.opc.ZipPackage - Save part 'xl/workbook.xml'
10:26:35.517 [main] DEBUG org.apache.poi.openxml4j.opc.ZipPackage - Save part 'xl/worksheets/sheet1.xml'
10:26:35.519 [main] DEBUG org.apache.poi.openxml4j.opc.ZipPackage - Save part 'xl/worksheets/sheet2.xml'
10:26:35.522 [main] DEBUG org.apache.poi.openxml4j.opc.ZipPackage - Save part 'xl/worksheets/sheet3.xml'
10:26:35.865 [main] DEBUG org.apache.poi.openxml4j.opc.PackageRelationshipCollection - Parsing relationship: /xl/_rels/workbook.xml.rels
10:26:35.868 [main] DEBUG org.apache.poi.openxml4j.opc.PackageRelationshipCollection - Parsing relationship: /_rels/.rels
10:26:35.959 [main] DEBUG org.apache.poi.openxml4j.opc.ZipPackage - Save content types part
10:26:35.963 [main] DEBUG org.apache.poi.openxml4j.opc.ZipPackage - Save package relationships
10:26:35.967 [main] DEBUG org.apache.poi.openxml4j.opc.ZipPackage - Save part 'docProps/app.xml'
10:26:35.968 [main] DEBUG org.apache.poi.openxml4j.opc.ZipPackage - Save part 'docProps/core.xml'
10:26:35.972 [main] DEBUG org.apache.poi.openxml4j.opc.ZipPackage - Save part 'xl/sharedStrings.xml'
10:26:35.973 [main] DEBUG org.apache.poi.openxml4j.opc.ZipPackage - Save part 'xl/styles.xml'
10:26:35.974 [main] DEBUG org.apache.poi.openxml4j.opc.ZipPackage - Save part 'xl/theme/theme1.xml'
10:26:35.975 [main] DEBUG org.apache.poi.openxml4j.opc.ZipPackage - Save part 'xl/workbook.xml'
10:26:35.980 [main] DEBUG org.apache.poi.openxml4j.opc.ZipPackage - Save part 'xl/worksheets/sheet1.xml'
10:26:35.981 [main] DEBUG org.apache.poi.openxml4j.opc.ZipPackage - Save part 'xl/worksheets/sheet2.xml'
10:26:35.981 [main] DEBUG org.apache.poi.openxml4j.opc.ZipPackage - Save part 'xl/worksheets/sheet3.xml'
10:26:36.049 [main] DEBUG org.apache.poi.openxml4j.opc.PackageRelationshipCollection - Parsing relationship: /xl/_rels/workbook.xml.rels
10:26:36.052 [main] DEBUG org.apache.poi.openxml4j.opc.PackageRelationshipCollection - Parsing relationship: /_rels/.rels
10:26:36.133 [main] DEBUG org.apache.poi.openxml4j.opc.ZipPackage - Save content types part
10:26:36.138 [main] DEBUG org.apache.poi.openxml4j.opc.ZipPackage - Save package relationships
10:26:36.142 [main] DEBUG org.apache.poi.openxml4j.opc.ZipPackage - Save part 'docProps/app.xml'
10:26:36.143 [main] DEBUG org.apache.poi.openxml4j.opc.ZipPackage - Save part 'docProps/core.xml'
10:26:36.147 [main] DEBUG org.apache.poi.openxml4j.opc.ZipPackage - Save part 'xl/sharedStrings.xml'
10:26:36.148 [main] DEBUG org.apache.poi.openxml4j.opc.ZipPackage - Save part 'xl/styles.xml'
10:26:36.149 [main] DEBUG org.apache.poi.openxml4j.opc.ZipPackage - Save part 'xl/theme/theme1.xml'
10:26:36.150 [main] DEBUG org.apache.poi.openxml4j.opc.ZipPackage - Save part 'xl/workbook.xml'
10:26:36.156 [main] DEBUG org.apache.poi.openxml4j.opc.ZipPackage - Save part 'xl/worksheets/sheet1.xml'
10:26:36.157 [main] DEBUG org.apache.poi.openxml4j.opc.ZipPackage - Save part 'xl/worksheets/sheet2.xml'
10:26:36.158 [main] DEBUG org.apache.poi.openxml4j.opc.ZipPackage - Save part 'xl/worksheets/sheet3.xml'
10:26:36.344 [main] DEBUG org.apache.poi.openxml4j.opc.PackageRelationshipCollection - Parsing relationship: /xl/_rels/workbook.xml.rels
10:26:36.347 [main] DEBUG org.apache.poi.openxml4j.opc.PackageRelationshipCollection - Parsing relationship: /_rels/.rels
10:26:36.438 [main] DEBUG org.apache.poi.openxml4j.opc.ZipPackage - Save content types part
10:26:36.442 [main] DEBUG org.apache.poi.openxml4j.opc.ZipPackage - Save package relationships
10:26:36.446 [main] DEBUG org.apache.poi.openxml4j.opc.ZipPackage - Save part 'docProps/app.xml'
10:26:36.447 [main] DEBUG org.apache.poi.openxml4j.opc.ZipPackage - Save part 'docProps/core.xml'
10:26:36.452 [main] DEBUG org.apache.poi.openxml4j.opc.ZipPackage - Save part 'xl/sharedStrings.xml'
10:26:36.453 [main] DEBUG org.apache.poi.openxml4j.opc.ZipPackage - Save part 'xl/styles.xml'
10:26:36.454 [main] DEBUG org.apache.poi.openxml4j.opc.ZipPackage - Save part 'xl/theme/theme1.xml'
10:26:36.456 [main] DEBUG org.apache.poi.openxml4j.opc.ZipPackage - Save part 'xl/workbook.xml'
10:26:36.462 [main] DEBUG org.apache.poi.openxml4j.opc.ZipPackage - Save part 'xl/worksheets/sheet1.xml'
10:26:36.463 [main] DEBUG org.apache.poi.openxml4j.opc.ZipPackage - Save part 'xl/worksheets/sheet2.xml'
10:26:36.464 [main] DEBUG org.apache.poi.openxml4j.opc.ZipPackage - Save part 'xl/worksheets/sheet3.xml'
10:26:36.550 [main] DEBUG org.apache.poi.openxml4j.opc.PackageRelationshipCollection - Parsing relationship: /xl/_rels/workbook.xml.rels
10:26:36.553 [main] DEBUG org.apache.poi.openxml4j.opc.PackageRelationshipCollection - Parsing relationship: /_rels/.rels
10:26:36.633 [main] DEBUG org.apache.poi.openxml4j.opc.ZipPackage - Save content types part
10:26:36.638 [main] DEBUG org.apache.poi.openxml4j.opc.ZipPackage - Save package relationships
10:26:36.645 [main] DEBUG org.apache.poi.openxml4j.opc.ZipPackage - Save part 'docProps/app.xml'
10:26:36.646 [main] DEBUG org.apache.poi.openxml4j.opc.ZipPackage - Save part 'docProps/core.xml'
10:26:36.650 [main] DEBUG org.apache.poi.openxml4j.opc.ZipPackage - Save part 'xl/sharedStrings.xml'
10:26:36.651 [main] DEBUG org.apache.poi.openxml4j.opc.ZipPackage - Save part 'xl/styles.xml'
10:26:36.653 [main] DEBUG org.apache.poi.openxml4j.opc.ZipPackage - Save part 'xl/theme/theme1.xml'
10:26:36.654 [main] DEBUG org.apache.poi.openxml4j.opc.ZipPackage - Save part 'xl/workbook.xml'
10:26:36.660 [main] DEBUG org.apache.poi.openxml4j.opc.ZipPackage - Save part 'xl/worksheets/sheet1.xml'
10:26:36.661 [main] DEBUG org.apache.poi.openxml4j.opc.ZipPackage - Save part 'xl/worksheets/sheet2.xml'
10:26:36.662 [main] DEBUG org.apache.poi.openxml4j.opc.ZipPackage - Save part 'xl/worksheets/sheet3.xml'
10:26:36.873 [main] DEBUG org.apache.poi.openxml4j.opc.PackageRelationshipCollection - Parsing relationship: /xl/_rels/workbook.xml.rels
10:26:36.876 [main] DEBUG org.apache.poi.openxml4j.opc.PackageRelationshipCollection - Parsing relationship: /_rels/.rels
10:26:36.969 [main] DEBUG org.apache.poi.openxml4j.opc.ZipPackage - Save content types part
10:26:36.974 [main] DEBUG org.apache.poi.openxml4j.opc.ZipPackage - Save package relationships
10:26:36.979 [main] DEBUG org.apache.poi.openxml4j.opc.ZipPackage - Save part 'docProps/app.xml'
10:26:36.980 [main] DEBUG org.apache.poi.openxml4j.opc.ZipPackage - Save part 'docProps/core.xml'
10:26:36.984 [main] DEBUG org.apache.poi.openxml4j.opc.ZipPackage - Save part 'xl/sharedStrings.xml'
10:26:36.986 [main] DEBUG org.apache.poi.openxml4j.opc.ZipPackage - Save part 'xl/styles.xml'
10:26:36.987 [main] DEBUG org.apache.poi.openxml4j.opc.ZipPackage - Save part 'xl/theme/theme1.xml'
10:26:36.989 [main] DEBUG org.apache.poi.openxml4j.opc.ZipPackage - Save part 'xl/workbook.xml'
10:26:36.994 [main] DEBUG org.apache.poi.openxml4j.opc.ZipPackage - Save part 'xl/worksheets/sheet1.xml'
10:26:36.995 [main] DEBUG org.apache.poi.openxml4j.opc.ZipPackage - Save part 'xl/worksheets/sheet2.xml'
10:26:36.997 [main] DEBUG org.apache.poi.openxml4j.opc.ZipPackage - Save part 'xl/worksheets/sheet3.xml'
10:27:23.448 [main] INFO  TestCases.TC006_HealthInsuranceNewTest - city selected
10:27:24.234 [main] INFO  TestCases.TC006_HealthInsuranceNewTest - Rto selected
10:27:26.517 [main] INFO  TestCases.TC006_HealthInsuranceNewTest - Brand selection
10:27:29.176 [main] INFO  TestCases.TC006_HealthInsuranceNewTest - Model Selection
10:27:31.782 [main] INFO  TestCases.TC006_HealthInsuranceNewTest - Fuel Type Selection
10:27:34.594 [main] INFO  TestCases.TC006_HealthInsuranceNewTest - Car variant selection
10:27:37.611 [main] INFO  TestCases.TC006_HealthInsuranceNewTest - Name given
10:27:37.622 [main] DEBUG org.apache.poi.openxml4j.opc.PackageRelationshipCollection - Parsing relationship: /xl/_rels/workbook.xml.rels
10:27:37.624 [main] DEBUG org.apache.poi.openxml4j.opc.PackageRelationshipCollection - Parsing relationship: /_rels/.rels
10:27:38.196 [main] INFO  TestCases.TC006_HealthInsuranceNewTest - Email given
10:27:38.650 [main] INFO  TestCases.TC006_HealthInsuranceNewTest - phone number  given
10:27:46.902 [main] DEBUG org.apache.poi.openxml4j.opc.PackageRelationshipCollection - Parsing relationship: /xl/_rels/workbook.xml.rels
10:27:46.905 [main] DEBUG org.apache.poi.openxml4j.opc.PackageRelationshipCollection - Parsing relationship: /_rels/.rels
10:27:46.996 [main] DEBUG org.apache.poi.openxml4j.opc.ZipPackage - Save content types part
10:27:47.002 [main] DEBUG org.apache.poi.openxml4j.opc.ZipPackage - Save package relationships
10:27:47.007 [main] DEBUG org.apache.poi.openxml4j.opc.ZipPackage - Save part 'docProps/app.xml'
10:27:47.009 [main] DEBUG org.apache.poi.openxml4j.opc.ZipPackage - Save part 'docProps/core.xml'
10:27:47.015 [main] DEBUG org.apache.poi.openxml4j.opc.ZipPackage - Save part 'xl/sharedStrings.xml'
10:27:47.017 [main] DEBUG org.apache.poi.openxml4j.opc.ZipPackage - Save part 'xl/styles.xml'
10:27:47.018 [main] DEBUG org.apache.poi.openxml4j.opc.ZipPackage - Save part 'xl/theme/theme1.xml'
10:27:47.020 [main] DEBUG org.apache.poi.openxml4j.opc.ZipPackage - Save part 'xl/workbook.xml'
10:27:47.028 [main] DEBUG org.apache.poi.openxml4j.opc.ZipPackage - Save part 'xl/worksheets/sheet1.xml'
10:27:47.030 [main] DEBUG org.apache.poi.openxml4j.opc.ZipPackage - Save part 'xl/worksheets/sheet2.xml'
